SF:lib/core/helpers/result.dart
DA:2,2
DA:7,2
DA:12,0
LF:3
LH:2
end_of_record
SF:lib/core/helpers/weather_asset_map.dart
DA:7,1
DA:8,3
DA:9,1
DA:10,1
DA:15,1
DA:16,1
DA:17,1
DA:19,2
DA:21,2
DA:23,2
DA:25,2
DA:27,2
DA:29,2
DA:31,2
DA:33,1
DA:35,2
DA:37,2
DA:39,1
DA:41,2
DA:47,1
DA:48,1
DA:50,2
DA:52,2
DA:54,2
DA:56,2
DA:58,2
DA:60,2
DA:62,2
DA:64,1
DA:66,2
DA:68,2
DA:70,1
DA:72,2
LF:33
LH:33
end_of_record
SF:lib/di.dart
DA:6,3
DA:8,0
DA:9,0
DA:10,0
DA:11,0
LF:5
LH:1
end_of_record
SF:lib/features/weather/data/datasources/local/shared_pref_storage.dart
DA:7,0
DA:8,0
DA:9,0
DA:12,0
DA:15,0
DA:21,0
DA:24,0
DA:25,0
DA:31,0
DA:34,0
DA:40,0
DA:43,0
LF:12
LH:0
end_of_record
SF:lib/features/weather/data/models/forecast/daily.dart
DA:15,2
LF:1
LH:1
end_of_record
SF:lib/features/weather/data/models/forecast/daily.g.dart
DA:9,2
DA:10,4
DA:11,1
DA:12,3
DA:13,1
DA:15,1
DA:16,2
DA:17,1
DA:20,0
DA:21,0
DA:22,0
DA:23,0
DA:24,0
LF:13
LH:8
end_of_record
SF:lib/features/weather/data/models/forecast/forecast.dart
DA:27,1
DA:28,1
LF:2
LH:2
end_of_record
SF:lib/features/weather/data/models/forecast/forecast.g.dart
DA:9,1
DA:10,1
DA:11,2
DA:12,2
DA:13,2
DA:14,2
DA:15,1
DA:16,1
DA:17,2
DA:18,1
DA:20,1
DA:21,1
DA:22,1
DA:24,2
DA:25,1
DA:27,2
DA:28,1
DA:30,2
DA:33,0
DA:34,0
DA:35,0
DA:36,0
DA:37,0
DA:38,0
DA:39,0
DA:40,0
DA:41,0
DA:42,0
DA:43,0
DA:44,0
DA:45,0
LF:31
LH:18
end_of_record
SF:lib/features/weather/data/models/forecast/local_forecast.dart
DA:16,0
DA:17,0
LF:2
LH:0
end_of_record
SF:lib/features/weather/data/models/forecast/local_forecast.g.dart
DA:9,0
DA:10,0
DA:11,0
DA:12,0
DA:13,0
DA:14,0
DA:17,0
DA:18,0
DA:19,0
DA:20,0
DA:21,0
DA:22,0
LF:12
LH:0
end_of_record
SF:lib/features/weather/domain/entities/city_search.dart
DA:10,1
LF:1
LH:1
end_of_record
SF:lib/features/weather/domain/entities/location2d.dart
DA:5,1
LF:1
LH:1
end_of_record
SF:lib/features/weather/domain/entities/location_entity.dart
DA:8,1
LF:1
LH:1
end_of_record
SF:lib/features/weather/domain/entities/location_forecast.dart
DA:9,1
LF:1
LH:1
end_of_record
SF:lib/features/weather/presentation/cubit/weather_cubit.dart
DA:18,2
DA:26,1
DA:27,1
DA:28,1
DA:31,1
DA:32,1
DA:34,2
DA:35,2
DA:36,2
DA:37,4
DA:39,2
DA:40,1
DA:41,2
DA:42,1
DA:43,2
DA:50,1
DA:51,1
DA:52,2
DA:54,1
DA:58,4
DA:59,1
DA:63,0
DA:67,1
DA:68,1
DA:70,0
DA:71,0
DA:72,0
DA:73,0
DA:75,0
DA:76,0
DA:79,2
DA:83,1
DA:84,1
DA:85,1
DA:86,1
DA:90,1
DA:92,2
DA:93,2
DA:94,1
DA:97,0
DA:101,1
DA:103,4
DA:104,1
DA:107,1
DA:108,1
DA:109,1
DA:110,1
DA:111,2
DA:112,2
DA:115,2
DA:116,1
DA:118,1
DA:120,1
DA:123,0
DA:124,0
DA:126,0
LF:56
LH:45
end_of_record
SF:lib/features/weather/presentation/widgets/daily_weather.dart
DA:8,1
DA:11,1
DA:13,1
DA:15,1
DA:18,5
DA:19,1
DA:20,1
DA:24,1
DA:25,1
DA:26,1
DA:28,3
DA:29,1
DA:30,1
DA:31,1
DA:32,1
DA:34,1
DA:37,1
DA:39,1
DA:40,6
DA:42,1
DA:45,5
DA:47,1
DA:48,1
DA:49,1
DA:50,1
DA:54,1
LF:26
LH:26
end_of_record
SF:lib/features/weather/presentation/widgets/weather.dart
DA:10,1
DA:12,1
DA:14,1
DA:15,1
DA:16,1
DA:19,1
DA:20,1
DA:23,1
DA:24,11
DA:25,1
DA:28,1
DA:29,2
DA:31,1
DA:32,1
DA:33,1
DA:34,1
DA:36,1
DA:39,1
DA:40,9
DA:42,1
DA:43,1
DA:44,1
DA:45,1
DA:47,1
DA:50,1
DA:52,1
DA:54,3
LF:27
LH:27
end_of_record
SF:lib/features/weather/data/datasources/remote/api_service.dart
DA:12,0
DA:16,0
DA:20,0
DA:21,0
DA:22,0
DA:23,0
DA:24,0
DA:26,0
DA:27,0
DA:28,0
DA:29,0
DA:30,0
DA:31,0
DA:32,0
DA:34,0
DA:36,0
DA:37,0
DA:38,0
DA:40,0
DA:43,0
LF:20
LH:0
end_of_record
SF:lib/features/weather/data/models/forecast/current.dart
DA:15,1
DA:16,1
LF:2
LH:2
end_of_record
SF:lib/features/weather/data/models/forecast/current.g.dart
DA:9,1
DA:10,1
DA:11,1
DA:12,2
DA:13,2
DA:14,2
DA:17,0
DA:18,0
DA:19,0
DA:20,0
DA:21,0
DA:22,0
LF:12
LH:6
end_of_record
SF:lib/features/weather/data/models/forecast/current_units.dart
DA:15,1
DA:16,1
LF:2
LH:2
end_of_record
SF:lib/features/weather/data/models/forecast/current_units.g.dart
DA:9,1
DA:10,1
DA:11,1
DA:12,1
DA:13,1
DA:14,1
DA:17,0
DA:18,0
DA:19,0
DA:20,0
DA:21,0
DA:22,0
LF:12
LH:6
end_of_record
SF:lib/features/weather/data/models/forecast/daily_units.dart
DA:14,1
DA:15,1
LF:2
LH:2
end_of_record
SF:lib/features/weather/data/models/forecast/daily_units.g.dart
DA:9,1
DA:10,1
DA:11,1
DA:12,1
DA:13,1
DA:16,0
DA:17,0
DA:18,0
DA:19,0
DA:20,0
LF:10
LH:5
end_of_record
SF:lib/features/weather/data/repositories/forecast_respository_impl.dart
DA:21,0
DA:24,0
DA:28,0
DA:29,0
DA:32,0
DA:33,0
DA:35,0
DA:36,0
DA:37,0
DA:38,0
DA:39,0
DA:41,0
DA:43,0
DA:44,0
DA:46,0
DA:47,0
DA:51,0
DA:55,0
DA:56,0
DA:57,0
DA:58,0
DA:60,0
DA:61,0
DA:62,0
DA:63,0
DA:64,0
DA:65,0
DA:66,0
DA:69,0
DA:74,0
DA:75,0
DA:76,0
DA:77,0
DA:78,0
DA:79,0
DA:80,0
DA:83,0
DA:84,0
DA:85,0
DA:86,0
DA:87,0
DA:88,0
DA:89,0
DA:91,0
DA:94,0
DA:98,0
DA:101,0
DA:102,0
DA:103,0
DA:104,0
DA:105,0
DA:106,0
DA:107,0
DA:108,0
DA:109,0
DA:110,0
DA:113,0
DA:114,0
DA:121,0
DA:125,0
DA:129,0
DA:130,0
DA:131,0
DA:132,0
DA:135,0
DA:136,0
DA:137,0
DA:138,0
DA:139,0
DA:140,0
DA:141,0
DA:143,0
DA:144,0
DA:145,0
DA:146,0
DA:147,0
DA:148,0
DA:149,0
DA:151,0
DA:153,0
DA:154,0
DA:155,0
DA:156,0
DA:157,0
DA:158,0
DA:159,0
DA:160,0
DA:161,0
DA:162,0
DA:163,0
DA:167,0
DA:173,0
LF:92
LH:0
end_of_record
SF:lib/features/weather/domain/entities/forecast_request.dart
DA:9,1
LF:1
LH:1
end_of_record
SF:lib/features/weather/domain/usecases/forcast_update_usecase.dart
DA:9,1
DA:10,1
DA:14,0
DA:15,0
DA:18,2
DA:19,2
DA:22,0
LF:7
LH:4
end_of_record
SF:lib/features/weather/domain/usecases/forecast_get_usecase.dart
DA:8,1
DA:9,1
DA:13,0
DA:14,0
DA:17,2
DA:18,2
DA:21,0
LF:7
LH:4
end_of_record
SF:lib/features/weather/domain/usecases/forecasts_get_all_usecase.dart
DA:8,1
DA:10,1
DA:13,2
DA:16,0
LF:4
LH:3
end_of_record
